C51 COMPILER V7.06   LESSON2_1                                                             05/24/2020 20:26:39 PAGE 1   


C51 COMPILER V7.06, COMPILATION OF MODULE LESSON2_1
OBJECT MODULE PLACED IN lesson2_1.OBJ
COMPILER INVOKED BY: D:\Keil\C51\BIN\C51.EXE lesson2_1.c BROWSE DEBUG OBJECTEXTEND

stmt level    source

   1          #include<reg52.h>
   2          sbit p1_1=P1^0;
   3          unsigned int a;
   4          void main()
   5          {
   6   1              while(1){
   7   2                      a=51100;
   8   2                      p1_1=0;
   9   2                      while(a--);
  10   2                      a=51100;
  11   2                      p1_1=1;
  12   2                      while(a--);
  13   2              }
  14   1      }
  15          


MODULE INFORMATION:   STATIC OVERLAYABLE
   CODE SIZE        =     44    ----
   CONSTANT SIZE    =   ----    ----
   XDATA SIZE       =   ----    ----
   PDATA SIZE       =   ----    ----
   DATA SIZE        =      2    ----
   IDATA SIZE       =   ----    ----
   BIT SIZE         =   ----    ----
END OF MODULE INFORMATION.


C51 COMPILATION COMPLETE.  0 WARNING(S),  0 ERROR(S)
