C51 COMPILER V7.06   LESSON1_3                                                             05/24/2020 13:01:09 PAGE 1   


C51 COMPILER V7.06, COMPILATION OF MODULE LESSON1_3
OBJECT MODULE PLACED IN lesson1_3.OBJ
COMPILER INVOKED BY: D:\Keil\C51\BIN\C51.EXE lesson1_3.c BROWSE DEBUG OBJECTEXTEND

stmt level    source

   1          #include<reg52.h>
   2          sbit D2=P1^2;
   3          void main()
   4          {
   5   1              /*P1=0xfd;
   6   1              D1=0;*/
   7   1              D2=0;
   8   1      }


MODULE INFORMATION:   STATIC OVERLAYABLE
   CODE SIZE        =      3    ----
   CONSTANT SIZE    =   ----    ----
   XDATA SIZE       =   ----    ----
   PDATA SIZE       =   ----    ----
   DATA SIZE        =   ----    ----
   IDATA SIZE       =   ----    ----
   BIT SIZE         =   ----    ----
END OF MODULE INFORMATION.


C51 COMPILATION COMPLETE.  0 WARNING(S),  0 ERROR(S)
